<?xml version="1.0" encoding="UTF-8"?>
<testng-results skipped="0" failed="0" total="1" passed="1">
  <reporter-output>
  </reporter-output>
  <suite name="Default suite" duration-ms="34409" started-at="2017-07-29T06:33:35Z" finished-at="2017-07-29T06:34:09Z">
    <groups>
    </groups>
    <test name="Default test" duration-ms="34409" started-at="2017-07-29T06:33:35Z" finished-at="2017-07-29T06:34:09Z">
      <class name="testCases.VerifyHomePage">
        <test-method status="PASS" signature="setUp()[pri:0, instance:testCases.VerifyHomePage@1b76d61]" name="setUp" is-config="true" duration-ms="33313" started-at="2017-07-29T12:03:35Z" finished-at="2017-07-29T12:04:08Z">
          <reporter-output>
          </reporter-output>
        </test-method> <!-- setUp -->
        <test-method status="PASS" signature="testHomePage()[pri:0, instance:testCases.VerifyHomePage@1b76d61]" name="testHomePage" duration-ms="163" started-at="2017-07-29T12:04:08Z" finished-at="2017-07-29T12:04:08Z">
          <reporter-output>
          </reporter-output>
        </test-method> <!-- testHomePage -->
        <test-method status="PASS" signature="tearDown()[pri:0, instance:testCases.VerifyHomePage@1b76d61]" name="tearDown" is-config="true" duration-ms="907" started-at="2017-07-29T12:04:08Z" finished-at="2017-07-29T12:04:09Z">
          <reporter-output>
          </reporter-output>
        </test-method> <!-- tearDown -->
      </class> <!-- testCases.VerifyHomePage -->
    </test> <!-- Default test -->
  </suite> <!-- Default suite -->
</testng-results>
